This file contains any messages produced by compilers while
running configure, to aid debugging if configure makes a mistake.

It was created by GNU C Library configure (see version.h), which was
generated by GNU Autoconf 2.71.  Invocation command line was

  $ ../configure --disable-werror --disable-hidden-plt --disable-profile --with-headers=/usr/i686-linux-gnu/include --prefix=/home/lind-wasm/src/glibc/build/target --host=i686-linux-gnu --build=i686-linux-gnu 'CFLAGS= -matomics -mbulk-memory -O2 -g' 'CC=/usr/local/clang/bin/clang --target=wasm32-unkown-wasi -v -Wno-int-conversion'

## --------- ##
## Platform. ##
## --------- ##

hostname = ad3a8d0e59aa
uname -m = aarch64
uname -r = 6.6.26-linuxkit
uname -s = Linux
uname -v = #1 SMP Sat Apr 27 04:13:19 UTC 2024

/usr/bin/uname -p = aarch64
/bin/uname -X     = unknown

/bin/arch              = aarch64
/usr/bin/arch -k       = unknown
/usr/convex/getsysinfo = unknown
/usr/bin/hostinfo      = unknown
/bin/machine           = unknown
/usr/bin/oslevel       = unknown
/bin/universe          = unknown

PATH: /usr/local/sbin/
PATH: /usr/local/bin/
PATH: /usr/sbin/
PATH: /usr/bin/
PATH: /sbin/
PATH: /bin/


## ----------- ##
## Core tests. ##
## ----------- ##

configure:2647: looking for aux files: install-sh config.guess config.sub
configure:2660:  trying ../scripts/
configure:2671:   ../scripts/install-sh found
configure:2689:   ../scripts/config.guess found
configure:2689:   ../scripts/config.sub found
configure:2886: checking build system type
configure:2901: result: i686-pc-linux-gnu
configure:2921: checking host system type
configure:2935: result: i686-pc-linux-gnu
configure:2973: checking for i686-linux-gnu-gcc
configure:3005: result: /usr/local/clang/bin/clang --target=wasm32-unkown-wasi -v -Wno-int-conversion
configure:3403: checking for C compiler version
configure:3412: /usr/local/clang/bin/clang --target=wasm32-unkown-wasi -v -Wno-int-conversion --version >&5
../configure: line 3414: /usr/local/clang/bin/clang: No such file or directory
configure:3423: $? = 127
configure:3412: /usr/local/clang/bin/clang --target=wasm32-unkown-wasi -v -Wno-int-conversion -v >&5
../configure: line 3414: /usr/local/clang/bin/clang: No such file or directory
configure:3423: $? = 127
configure:3412: /usr/local/clang/bin/clang --target=wasm32-unkown-wasi -v -Wno-int-conversion -V >&5
../configure: line 3414: /usr/local/clang/bin/clang: No such file or directory
configure:3423: $? = 127
configure:3412: /usr/local/clang/bin/clang --target=wasm32-unkown-wasi -v -Wno-int-conversion -qversion >&5
../configure: line 3414: /usr/local/clang/bin/clang: No such file or directory
configure:3423: $? = 127
configure:3412: /usr/local/clang/bin/clang --target=wasm32-unkown-wasi -v -Wno-int-conversion -version >&5
../configure: line 3414: /usr/local/clang/bin/clang: No such file or directory
configure:3423: $? = 127
configure:3428: checking for suffix of object files
configure:3451: /usr/local/clang/bin/clang --target=wasm32-unkown-wasi -v -Wno-int-conversion -c  -matomics -mbulk-memory -O2 -g  conftest.c >&5
../configure: line 3453: /usr/local/clang/bin/clang: No such file or directory
configure:3455: $? = 127
configure: failed program was:
| /* confdefs.h */
| #define PACKAGE_NAME "GNU C Library"
| #define PACKAGE_TARNAME "glibc"
| #define PACKAGE_VERSION "(see version.h)"
| #define PACKAGE_STRING "GNU C Library (see version.h)"
| #define PACKAGE_BUGREPORT "https://sourceware.org/bugzilla/"
| #define PACKAGE_URL "https://www.gnu.org/software/glibc/"
| #define PKGVERSION "(GNU libc) "
| #define REPORT_BUGS_TO "<https://www.gnu.org/software/libc/bugs.html>"
| /* end confdefs.h.  */
| 
| int
| main (void)
| {
| 
|   ;
|   return 0;
| }
configure:3470: error: in `/home/lind-wasm/src/glibc/build':
configure:3472: error: cannot compute suffix of object files: cannot compile
See `config.log' for more details

## ---------------- ##
## Cache variables. ##
## ---------------- ##

ac_cv_build=i686-pc-linux-gnu
ac_cv_env_CCC_set=
ac_cv_env_CCC_value=
ac_cv_env_CC_set=set
ac_cv_env_CC_value='/usr/local/clang/bin/clang --target=wasm32-unkown-wasi -v -Wno-int-conversion'
ac_cv_env_CFLAGS_set=set
ac_cv_env_CFLAGS_value=' -matomics -mbulk-memory -O2 -g'
ac_cv_env_CPPFLAGS_set=
ac_cv_env_CPPFLAGS_value=
ac_cv_env_CPP_set=
ac_cv_env_CPP_value=
ac_cv_env_CXXFLAGS_set=
ac_cv_env_CXXFLAGS_value=
ac_cv_env_CXX_set=
ac_cv_env_CXX_value=
ac_cv_env_LDFLAGS_set=
ac_cv_env_LDFLAGS_value=
ac_cv_env_LIBS_set=
ac_cv_env_LIBS_value=
ac_cv_env_build_alias_set=set
ac_cv_env_build_alias_value=i686-linux-gnu
ac_cv_env_host_alias_set=set
ac_cv_env_host_alias_value=i686-linux-gnu
ac_cv_env_target_alias_set=
ac_cv_env_target_alias_value=
ac_cv_host=i686-pc-linux-gnu
ac_cv_prog_CC='/usr/local/clang/bin/clang --target=wasm32-unkown-wasi -v -Wno-int-conversion'

## ----------------- ##
## Output variables. ##
## ----------------- ##

AR=''
ASFLAGS_config=''
AUTOCONF=''
AWK=''
BASH_SHELL=''
BISON=''
BUILD_CC=''
CC='/usr/local/clang/bin/clang --target=wasm32-unkown-wasi -v -Wno-int-conversion'
CFLAGS=' -matomics -mbulk-memory -O2 -g'
CPP=''
CPPFLAGS=''
CXX=''
CXXFLAGS=''
CXX_BITS_STD_ABS_H=''
CXX_CMATH_HEADER=''
CXX_CSTDLIB_HEADER=''
CXX_SYSINCLUDES=''
DEFINES=''
DEFS=''
ECHO_C=''
ECHO_N='-n'
ECHO_T=''
GPROF=''
INSTALL_DATA=''
INSTALL_INFO=''
INSTALL_PROGRAM=''
INSTALL_SCRIPT=''
LD=''
LDFLAGS=''
LIBGD=''
LIBOBJS=''
LIBS=''
LN_S=''
LTLIBOBJS=''
MAKE=''
MAKEINFO=''
MSGFMT=''
NM=''
OBJCOPY=''
OBJDUMP=''
OBJEXT=''
PACKAGE_BUGREPORT='https://sourceware.org/bugzilla/'
PACKAGE_NAME='GNU C Library'
PACKAGE_STRING='GNU C Library (see version.h)'
PACKAGE_TARNAME='glibc'
PACKAGE_URL='https://www.gnu.org/software/glibc/'
PACKAGE_VERSION='(see version.h)'
PATH_SEPARATOR=':'
PERL=''
PKGVERSION='(GNU libc) '
PKGVERSION_TEXI='(GNU libc) '
PYTHON=''
PYTHON_PROG=''
READELF=''
RELEASE=''
REPORT_BUGS_TEXI='@uref{https://www.gnu.org/software/libc/bugs.html}'
REPORT_BUGS_TO='<https://www.gnu.org/software/libc/bugs.html>'
SED=''
SHELL='/bin/bash'
SYSINCLUDES=''
VERSION=''
ac_ct_CC=''
ac_ct_CXX=''
base_machine=''
bindir='${exec_prefix}/bin'
bindnow=''
build='i686-pc-linux-gnu'
build_alias='i686-linux-gnu'
build_cpu='i686'
build_nscd=''
build_os='linux-gnu'
build_pt_chown=''
build_vendor='pc'
cross_compiling='no'
datadir='${datarootdir}'
datarootdir='${prefix}/share'
docdir='${datarootdir}/doc/${PACKAGE_TARNAME}'
dvidir='${docdir}'
enable_fortify_source=''
enable_timezone_tools=''
enable_werror='no'
exec_prefix='NONE'
extra_nonshared_cflags=''
force_install=''
fortify_source=''
hardcoded_path_in_tests=''
have_libaudit=''
have_libcap=''
have_selinux=''
host='i686-pc-linux-gnu'
host_alias='i686-linux-gnu'
host_cpu='i686'
host_os='linux-gnu'
host_vendor='pc'
htmldir='${docdir}'
includedir='${prefix}/include'
infodir='${datarootdir}/info'
ldd_rewrite_script=''
libc_cv_cc_loop_to_function=''
libc_cv_cc_nofma=''
libc_cv_cc_submachine=''
libc_cv_cc_with_libunwind=''
libc_cv_complocaledir=''
libc_cv_cxx_thread_local=''
libc_cv_fortify_source=''
libc_cv_fpie=''
libc_cv_gcc_unwind_find_fde=''
libc_cv_has_glob_dat=''
libc_cv_insert=''
libc_cv_localstatedir=''
libc_cv_mtls_descriptor=''
libc_cv_multidir=''
libc_cv_protected_data=''
libc_cv_rootsbindir=''
libc_cv_rtlddir=''
libc_cv_slibdir=''
libc_cv_ssp=''
libc_cv_sysconfdir=''
libc_cv_textrel_ifunc=''
libc_cv_with_fp=''
libc_cv_z_execstack=''
libc_extra_cflags=''
libc_extra_cppflags=''
libdir='${exec_prefix}/lib'
libexecdir='${exec_prefix}/libexec'
localedir='${datarootdir}/locale'
localstatedir='${prefix}/var'
mach_interface_list=''
mandir='${datarootdir}/man'
memory_tagging=''
multi_arch=''
no_fortify_source=''
no_stack_protector=''
oldincludedir='/usr/include'
pdfdir='${docdir}'
prefix='/home/lind-wasm/src/glibc/build/target'
profile=''
program_transform_name='s,x,x,'
psdir='${docdir}'
pthread_in_libc=''
rtld_early_cflags=''
runstatedir='${localstatedir}/run'
sbindir='${exec_prefix}/sbin'
shared=''
sharedstatedir='${prefix}/com'
stack_protector=''
static=''
static_nss=''
subdirs=' '
submachine=''
sysconfdir='${prefix}/etc'
sysheaders=''
sysnames=''
target_alias=''
use_ldconfig=''
use_nscd=''

## ----------- ##
## confdefs.h. ##
## ----------- ##

/* confdefs.h */
#define PACKAGE_NAME "GNU C Library"
#define PACKAGE_TARNAME "glibc"
#define PACKAGE_VERSION "(see version.h)"
#define PACKAGE_STRING "GNU C Library (see version.h)"
#define PACKAGE_BUGREPORT "https://sourceware.org/bugzilla/"
#define PACKAGE_URL "https://www.gnu.org/software/glibc/"
#define PKGVERSION "(GNU libc) "
#define REPORT_BUGS_TO "<https://www.gnu.org/software/libc/bugs.html>"

configure: exit 1
